<?xml version="1.0" encoding="UTF-8"?>
<!-- Generated by org.testng.reporters.JUnitXMLReporter -->
<testsuite ignored="0" hostname="AGI-LT-1272" failures="1" tests="1" name="Test1" time="21.347" errors="0" timestamp="2021-10-27T09:20:07 IST">
  <testcase classname="GoogleTest.TS2" name="STEP02" time="16.476">
    <failure type="java.lang.AssertionError" message="expected [Google] but found [null]">
      <![CDATA[java.lang.AssertionError: expected [Google] but found [null]
at GoogleTest.TS2.STEP02(TS2.java:21)
at java.base/java.util.ArrayList.forEach(ArrayList.java:1511)
... Removed 33 stack frames]]>
    </failure>
  </testcase> <!-- STEP02 -->
</testsuite> <!-- Test1 -->
